This is pdfTeX, Version 3.141592653-2.6-1.40.24 (MiKTeX 22.11) (preloaded format=pdftex 2022.11.25)  23 APR 2023 17:36
entering extended mode
 restricted \write18 enabled.
 %&-line parsing enabled.
**./extraordinary_alien.tex
(extraordinary_alien.tex [1{C:/Users/pmcra/AppData/Local/MiKTeX/fonts/map/pdfte
x/pdftex.map}] [2] [3] [4] [5] [6] [7]
Underfull \vbox (badness 1215) has occurred while \output is active
\vbox(643.20255+2.33331)x469.75499, glue set 2.30064
.\glue(\topskip) 1.66669
.\hbox(8.33331+2.33331)x469.75499, glue set 0.30019
..\twelverm g
..\twelverm o
..\twelverm i
..\twelverm n
..\twelverm g
..etc.
.\glue(\baselineskip) 15.33337
.\hbox(8.33331+2.33331)x469.75499, glue set - 0.42459
..\twelverm s
..\twelverm a
..\kern-0.32639
..\twelverm v
..\kern-0.65277
..etc.
.\glue(\baselineskip) 15.33337
.etc.

 [8]
Underfull \vbox (badness 2884) has occurred while \output is active
\vbox(643.20255+2.33331)x469.75499, glue set 3.06752
.\glue(\topskip) 1.66669
.\hbox(8.33331+2.33331)x469.75499, glue set 78.41878fil
..\twelverm o
..\twelverm t
..\twelverm h
..\twelverm e
..\twelverm r
..etc.
.\glue(\parskip) 0.0 plus 1.0
.\glue(\baselineskip) 15.33337
.\hbox(8.33331+2.33331)x469.75499, glue set 0.3303
..\hbox(0.0+0.0)x20.0
..\twelverm S
..\twelverm i
..\twelverm n
..\twelverm c
..etc.
.etc.

 [9]
Underfull \vbox (badness 10000) has occurred while \output is active
\vbox(643.20255+2.33331)x469.75499, glue set 4.60127
.\glue(\topskip) 1.66669
.\hbox(8.33331+2.33331)x469.75499, glue set 0.29054
..\twelverm m
..\twelverm o
..\twelverm n
..\kern-0.32639
..\twelverm t
..etc.
.\glue(\baselineskip) 15.33337
.\hbox(8.33331+2.33331)x469.75499, glue set 0.53094
..\twelverm a
..\glue 3.91663 plus 1.95831 minus 1.30554
..\twelverm c
..\twelverm o
..\twelverm u
..etc.
.\glue(\baselineskip) 15.33337
.etc.

 [10]
[11] [12]
Underfull \vbox (badness 10000) has occurred while \output is active
\vbox(643.20255+2.33331)x469.75499, glue set 9.20255
.\glue(\topskip) 1.66669
.\hbox(8.33331+2.33331)x469.75499, glue set - 0.50525
..\twelverm h
..\twelverm a
..\twelverm d
..\glue 3.91663 plus 1.95831 minus 1.30554
..\twelverm a
..etc.
.\glue(\baselineskip) 15.33337
.\hbox(8.33331+2.33331)x469.75499, glue set 0.11029
..\twelverm t
..\twelverm h
..\twelverm e
..\twelverm n
..\glue 3.91663 plus 1.95831 minus 1.30554
..etc.
.\glue(\baselineskip) 15.33337
.etc.

 [13]
Underfull \vbox (badness 2884) has occurred while \output is active
\vbox(643.20255+2.33331)x469.75499, glue set 3.06752
.\glue(\topskip) 1.66669
.\hbox(8.33331+2.33331)x469.75499, glue set - 0.31453
..\twelverm w
..\twelverm i
..\twelverm t
..\twelverm h
..\glue 3.91663 plus 1.95831 minus 1.30554
..etc.
.\glue(\baselineskip) 15.33337
.\hbox(8.33331+2.33331)x469.75499, glue set 0.30388
..\twelverm i
..\twelverm n
..\kern-0.32639
..\twelverm t
..\twelverm o
..etc.
.\penalty 150
.etc.

 [14]
Underfull \vbox (badness 1215) has occurred while \output is active
\vbox(643.20255+2.33331)x469.75499, glue set 2.30064
.\glue(\topskip) 1.66669
.\hbox(8.33331+0.0)x469.75499, glue set - 0.91006
..\twelverm E
..\twelverm v
..\kern-0.32639
..\twelverm e
..\twelverm n
..etc.
.\glue(\baselineskip) 17.66669
.\hbox(8.33331+2.33331)x469.75499, glue set - 0.78867
..\twelverm F
..\kern-0.97916
..\twelverm r
..\twelverm i
..\twelverm c
..etc.
.\glue(\baselineskip) 15.33337
.etc.

 [15]
[16] [17] [18] [19] [20] [21] [22]
Underfull \vbox (badness 10000) has occurred while \output is active
\vbox(643.20255+2.33331)x469.75499, glue set 4.60127
.\glue(\topskip) 1.66669
.\hbox(8.33331+2.33331)x469.75499, glue set 0.3175
..\twelverm a
..\twelverm n
..\glue 3.91663 plus 1.95831 minus 1.30554
..\twelverm e
..\twelverm n
..etc.
.\glue(\baselineskip) 15.33337
.\hbox(8.33331+2.33331)x469.75499, glue set - 0.58025
..\twelverm w
..\kern-0.32639
..\twelverm o
..\twelverm r
..\twelverm k
..etc.
.\glue(\baselineskip) 15.33337
.etc.

 [23]
[24] [25] )<C:/Users/pmcra/AppData/Local/Programs/MiKTeX/fonts/type1/public/ams
fonts/cm/cmdunh10.pfb><C:/Users/pmcra/AppData/Local/Programs/MiKTeX/fonts/type1
/public/amsfonts/cm/cmmi10.pfb><C:/Users/pmcra/AppData/Local/Programs/MiKTeX/fo
nts/type1/public/amsfonts/cm/cmr10.pfb><C:/Users/pmcra/AppData/Local/Programs/M
iKTeX/fonts/type1/public/amsfonts/cm/cmr12.pfb><C:/Users/pmcra/AppData/Local/Pr
ograms/MiKTeX/fonts/type1/public/amsfonts/cm/cmsl12.pfb><C:/Users/pmcra/AppData
/Local/Programs/MiKTeX/fonts/type1/public/amsfonts/cm/cmsltt10.pfb><C:/Users/pm
cra/AppData/Local/Programs/MiKTeX/fonts/type1/public/amsfonts/cm/cmss12.pfb><C:
/Users/pmcra/AppData/Local/Programs/MiKTeX/fonts/type1/public/amsfonts/cm/cmsy1
0.pfb><C:/Users/pmcra/AppData/Local/Programs/MiKTeX/fonts/type1/public/amsfonts
/cm/cmti12.pfb><C:/Users/pmcra/AppData/Local/Programs/MiKTeX/fonts/type1/public
/amsfonts/cm/cmtt12.pfb>
Output written on extraordinary_alien.pdf (25 pages, 184698 bytes).
PDF statistics:
 123 PDF objects out of 1000 (max. 8388607)
 0 named destinations out of 1000 (max. 500000)
 1 words of extra memory for PDF output out of 10000 (max. 10000000)

